<?xml version="1.0" encoding="UTF-8"?>
<testng-results skipped="0" failed="0" total="4" passed="4">
  <reporter-output>
  </reporter-output>
  <suite name="EbaySuite" duration-ms="94725" started-at="2018-08-14T11:05:52Z" finished-at="2018-08-14T11:07:27Z">
    <groups>
    </groups>
    <test name="Test" duration-ms="94725" started-at="2018-08-14T11:05:52Z" finished-at="2018-08-14T11:07:27Z">
      <class name="com.eBay.TestCases.LoginFunctionality">
        <test-method status="PASS" signature="setexcel()[pri:0, instance:com.eBay.TestCases.LoginFunctionality@5f341870]" name="setexcel" is-config="true" duration-ms="134" started-at="2018-08-14T16:35:52Z" finished-at="2018-08-14T16:35:52Z">
          <reporter-output>
          </reporter-output>
        </test-method> <!-- setexcel -->
        <test-method status="PASS" signature="Loginapp()[pri:0, instance:com.eBay.TestCases.LoginFunctionality@5f341870]" name="Loginapp" duration-ms="25449" started-at="2018-08-14T16:35:52Z" finished-at="2018-08-14T16:36:18Z">
          <reporter-output>
          </reporter-output>
        </test-method> <!-- Loginapp -->
        <test-method status="PASS" signature="androidgestures()[pri:0, instance:com.eBay.TestCases.LoginFunctionality@5f341870]" name="androidgestures" duration-ms="248" started-at="2018-08-14T16:36:18Z" finished-at="2018-08-14T16:36:18Z">
          <reporter-output>
          </reporter-output>
        </test-method> <!-- androidgestures -->
        <test-method status="PASS" signature="performOrientation()[pri:0, instance:com.eBay.TestCases.LoginFunctionality@5f341870]" name="performOrientation" duration-ms="11336" started-at="2018-08-14T16:36:18Z" finished-at="2018-08-14T16:36:29Z">
          <reporter-output>
          </reporter-output>
        </test-method> <!-- performOrientation -->
      </class> <!-- com.eBay.TestCases.LoginFunctionality -->
      <class name="com.eBay.TestCases.Purchase">
        <test-method status="PASS" signature="setUp()[pri:0, instance:com.eBay.TestCases.Purchase@204f30ec]" name="setUp" is-config="true" duration-ms="17930" started-at="2018-08-14T16:35:34Z" finished-at="2018-08-14T16:35:52Z">
          <reporter-output>
          </reporter-output>
        </test-method> <!-- setUp -->
        <test-method status="PASS" signature="Purchaseproduct()[pri:0, instance:com.eBay.TestCases.Purchase@204f30ec]" name="Purchaseproduct" duration-ms="57552" started-at="2018-08-14T16:36:29Z" finished-at="2018-08-14T16:37:27Z">
          <reporter-output>
          </reporter-output>
        </test-method> <!-- Purchaseproduct -->
        <test-method status="PASS" signature="setexcel()[pri:0, instance:com.eBay.TestCases.Purchase@204f30ec]" name="setexcel" is-config="true" duration-ms="0" started-at="2018-08-14T16:36:29Z" finished-at="2018-08-14T16:36:29Z">
          <reporter-output>
          </reporter-output>
        </test-method> <!-- setexcel -->
        <test-method status="PASS" signature="tearDown()[pri:0, instance:com.eBay.TestCases.Purchase@204f30ec]" name="tearDown" is-config="true" duration-ms="0" started-at="2018-08-14T16:37:27Z" finished-at="2018-08-14T16:37:27Z">
          <reporter-output>
          </reporter-output>
        </test-method> <!-- tearDown -->
      </class> <!-- com.eBay.TestCases.Purchase -->
    </test> <!-- Test -->
  </suite> <!-- EbaySuite -->
</testng-results>
