<?xml version="1.0" encoding="UTF-8"?>
<testng-results skipped="0" failed="1" total="1" passed="0">
  <reporter-output>
  </reporter-output>
  <suite name="Default suite" duration-ms="15274" started-at="2018-08-10T10:28:38Z" finished-at="2018-08-10T10:28:54Z">
    <groups>
    </groups>
    <test name="Default test" duration-ms="15274" started-at="2018-08-10T10:28:38Z" finished-at="2018-08-10T10:28:54Z">
      <class name="com.eBay.TestCases.LoginFunctionality">
        <test-method status="PASS" signature="setUp()[pri:0, instance:com.eBay.TestCases.LoginFunctionality@343f4d3d]" name="setUp" is-config="true" duration-ms="18040" started-at="2018-08-10T15:58:20Z" finished-at="2018-08-10T15:58:38Z">
          <reporter-output>
          </reporter-output>
        </test-method> <!-- setUp -->
        <test-method status="PASS" signature="setexcel()[pri:0, instance:com.eBay.TestCases.LoginFunctionality@343f4d3d]" name="setexcel" is-config="true" duration-ms="138" started-at="2018-08-10T15:58:38Z" finished-at="2018-08-10T15:58:38Z">
          <reporter-output>
          </reporter-output>
        </test-method> <!-- setexcel -->
        <test-method status="FAIL" signature="Loginapp()[pri:0, instance:com.eBay.TestCases.LoginFunctionality@343f4d3d]" name="Loginapp" duration-ms="15093" started-at="2018-08-10T15:58:38Z" finished-at="2018-08-10T15:58:54Z">
          <exception class="org.openqa.selenium.NoSuchElementException">
            <message>
              <![CDATA[An element could not be located on the page using the given search parameters. (WARNING: The server did not provide any stacktrace information)
Command duration or timeout: 760 milliseconds
For documentation on this error, please visit: http://seleniumhq.org/exceptions/no_such_element.html
Build info: version: '3.4.0', revision: 'unknown', time: 'unknown'
System info: host: 'BTPL-DTP-A052', ip: '10.30.15.66', os.name: 'Windows 10', os.arch: 'amd64', os.version: '10.0', java.version: '1.8.0_181'
Driver info: io.appium.java_client.android.AndroidDriver
Capabilities [{appPackage=com.ebay.mobile, deviceScreenSize=720x1280, networkConnectionEnabled=true, warnings={}, databaseEnabled=false, deviceName=ZY223HPX54, platform=LINUX, deviceUDID=ZY223HPX54, appActivity=com.ebay.mobile.activities.MainActivity, desired={appPackage=com.ebay.mobile, appActivity=com.ebay.mobile.activities.MainActivity, appium-version=1.8.1, no-reset=false, platformVersion=6.0.1, platformName=Android, deviceName=ZY223HPX54}, appium-version=1.8.1, no-reset=false, platformVersion=6.0.1, webStorageEnabled=false, locationContextEnabled=false, takesScreenshot=true, javascriptEnabled=true, deviceModel=Moto G Play, platformName=Android, deviceManufacturer=motorola}]
Session ID: 6a9f1c1e-af61-4ce2-b5f8-43566d3cf4cb
*** Element info: {Using=id, value=com.ebay.mobile:id/button_google_deny}]]>
            </message>
            <full-stacktrace>
              <![CDATA[org.openqa.selenium.NoSuchElementException: An element could not be located on the page using the given search parameters. (WARNING: The server did not provide any stacktrace information)
Command duration or timeout: 760 milliseconds
For documentation on this error, please visit: http://seleniumhq.org/exceptions/no_such_element.html
Build info: version: '3.4.0', revision: 'unknown', time: 'unknown'
System info: host: 'BTPL-DTP-A052', ip: '10.30.15.66', os.name: 'Windows 10', os.arch: 'amd64', os.version: '10.0', java.version: '1.8.0_181'
Driver info: io.appium.java_client.android.AndroidDriver
Capabilities [{appPackage=com.ebay.mobile, deviceScreenSize=720x1280, networkConnectionEnabled=true, warnings={}, databaseEnabled=false, deviceName=ZY223HPX54, platform=LINUX, deviceUDID=ZY223HPX54, appActivity=com.ebay.mobile.activities.MainActivity, desired={appPackage=com.ebay.mobile, appActivity=com.ebay.mobile.activities.MainActivity, appium-version=1.8.1, no-reset=false, platformVersion=6.0.1, platformName=Android, deviceName=ZY223HPX54}, appium-version=1.8.1, no-reset=false, platformVersion=6.0.1, webStorageEnabled=false, locationContextEnabled=false, takesScreenshot=true, javascriptEnabled=true, deviceModel=Moto G Play, platformName=Android, deviceManufacturer=motorola}]
Session ID: 6a9f1c1e-af61-4ce2-b5f8-43566d3cf4cb
*** Element info: {Using=id, value=com.ebay.mobile:id/button_google_deny}
	at sun.reflect.NativeConstructorAccessorImpl.newInstance0(Native Method)
	at sun.reflect.NativeConstructorAccessorImpl.newInstance(Unknown Source)
	at sun.reflect.DelegatingConstructorAccessorImpl.newInstance(Unknown Source)
	at java.lang.reflect.Constructor.newInstance(Unknown Source)
	at org.openqa.selenium.remote.ErrorHandler.createThrowable(ErrorHandler.java:215)
	at org.openqa.selenium.remote.ErrorHandler.throwIfResponseFailed(ErrorHandler.java:167)
	at org.openqa.selenium.remote.RemoteWebDriver.execute(RemoteWebDriver.java:671)
	at io.appium.java_client.DefaultGenericMobileDriver.execute(DefaultGenericMobileDriver.java:51)
	at io.appium.java_client.AppiumDriver.execute(AppiumDriver.java:1)
	at io.appium.java_client.android.AndroidDriver.execute(AndroidDriver.java:1)
	at org.openqa.selenium.remote.RemoteWebDriver.findElement(RemoteWebDriver.java:410)
	at io.appium.java_client.DefaultGenericMobileDriver.findElement(DefaultGenericMobileDriver.java:67)
	at io.appium.java_client.AppiumDriver.findElement(AppiumDriver.java:1)
	at io.appium.java_client.android.AndroidDriver.findElement(AndroidDriver.java:1)
	at org.openqa.selenium.remote.RemoteWebDriver.findElementById(RemoteWebDriver.java:453)
	at io.appium.java_client.DefaultGenericMobileDriver.findElementById(DefaultGenericMobileDriver.java:75)
	at io.appium.java_client.AppiumDriver.findElementById(AppiumDriver.java:1)
	at io.appium.java_client.android.AndroidDriver.findElementById(AndroidDriver.java:1)
	at org.openqa.selenium.By$ById.findElement(By.java:218)
	at org.openqa.selenium.remote.RemoteWebDriver.findElement(RemoteWebDriver.java:402)
	at io.appium.java_client.DefaultGenericMobileDriver.findElement(DefaultGenericMobileDriver.java:63)
	at io.appium.java_client.AppiumDriver.findElement(AppiumDriver.java:1)
	at io.appium.java_client.android.AndroidDriver.findElement(AndroidDriver.java:1)
	at com.eBay.TestCases.LoginFunctionality.Loginapp(LoginFunctionality.java:47)
	at sun.reflect.NativeMethodAccessorImpl.invoke0(Native Method)
	at sun.reflect.NativeMethodAccessorImpl.invoke(Unknown Source)
	at sun.reflect.DelegatingMethodAccessorImpl.invoke(Unknown Source)
	at java.lang.reflect.Method.invoke(Unknown Source)
	at org.testng.internal.MethodInvocationHelper.invokeMethod(MethodInvocationHelper.java:84)
	at org.testng.internal.Invoker.invokeMethod(Invoker.java:714)
	at org.testng.internal.Invoker.invokeTestMethod(Invoker.java:901)
	at org.testng.internal.Invoker.invokeTestMethods(Invoker.java:1231)
	at org.testng.internal.TestMethodWorker.invokeTestMethods(TestMethodWorker.java:127)
	at org.testng.internal.TestMethodWorker.run(TestMethodWorker.java:111)
	at org.testng.TestRunner.privateRun(TestRunner.java:767)
	at org.testng.TestRunner.run(TestRunner.java:617)
	at org.testng.SuiteRunner.runTest(SuiteRunner.java:348)
	at org.testng.SuiteRunner.runSequentially(SuiteRunner.java:343)
	at org.testng.SuiteRunner.privateRun(SuiteRunner.java:305)
	at org.testng.SuiteRunner.run(SuiteRunner.java:254)
	at org.testng.SuiteRunnerWorker.runSuite(SuiteRunnerWorker.java:52)
	at org.testng.SuiteRunnerWorker.run(SuiteRunnerWorker.java:86)
	at org.testng.TestNG.runSuitesSequentially(TestNG.java:1224)
	at org.testng.TestNG.runSuitesLocally(TestNG.java:1149)
	at org.testng.TestNG.run(TestNG.java:1057)
	at org.testng.remote.AbstractRemoteTestNG.run(AbstractRemoteTestNG.java:114)
	at org.testng.remote.RemoteTestNG.initAndRun(RemoteTestNG.java:251)
	at org.testng.remote.RemoteTestNG.main(RemoteTestNG.java:77)
]]>
            </full-stacktrace>
          </exception> <!-- org.openqa.selenium.NoSuchElementException -->
          <reporter-output>
          </reporter-output>
        </test-method> <!-- Loginapp -->
        <test-method status="PASS" signature="tearDown()[pri:0, instance:com.eBay.TestCases.LoginFunctionality@343f4d3d]" name="tearDown" is-config="true" duration-ms="1" started-at="2018-08-10T15:58:54Z" finished-at="2018-08-10T15:58:54Z">
          <reporter-output>
          </reporter-output>
        </test-method> <!-- tearDown -->
      </class> <!-- com.eBay.TestCases.LoginFunctionality -->
    </test> <!-- Default test -->
  </suite> <!-- Default suite -->
</testng-results>
