<?xml version="1.0" encoding="UTF-8"?>
<!-- Generated by org.testng.reporters.JUnitXMLReporter -->
<testsuite hostname="BTPL-DTP-A052" name="Test" tests="4" failures="0" timestamp="14 Aug 2018 11:07:27 GMT" time="94.725" errors="0">
  <testcase name="Loginapp" time="25.449" classname="com.eBay.TestCases.LoginFunctionality"/>
  <testcase name="androidgestures" time="0.248" classname="com.eBay.TestCases.LoginFunctionality"/>
  <testcase name="performOrientation" time="11.336" classname="com.eBay.TestCases.LoginFunctionality"/>
  <testcase name="Purchaseproduct" time="57.552" classname="com.eBay.TestCases.Purchase"/>
</testsuite> <!-- Test -->
